2011-11-30 00:00:01,523 BeginRequest .. eBehaviorListener:0:-1&wicket:ignoreIfNotActive=true&random=0.0898827102946263
2011-11-30 00:00:01,857 ger.java:320) - 
2011-11-30 00:00:01,899 dRequest ^^ - paaviorListener:0:-1&wicket:ignoreIfNotActive=true&random=0.0898827102946263 procTime=376 ms
2011-11-30 00:00:08,129 BeginRequest .. eBehaviorListener:0:-1&wicket:ignoreIfNotActive=true&random=0.49945582956328066
2011-11-30 00:00:08,139 ger.java:320) - 
2011-11-30 00:00:08,164 dRequest ^^ - paaviorListener:0:-1&wicket:ignoreIfNotActive=true&random=0.49945582956328066 procTime=35 ms
2011-11-30 00:00:11,389 eginRequest .. -BehaviorListener:0:-1&wicket:ignoreIfNotActive=true&random=0.17445680344205616
2011-11-30 00:00:11,434 er.java:320) - A
2011-11-30 00:00:11,458 Request ^^ - patviorListener:0:-1&wicket:ignoreIfNotActive=true&random=0.17445680344205616 procTime=70 ms
2011-11-30 00:00:14,808 BeginRequest .. eBehaviorListener:0:-1&wicket:ignoreIfNotActive=true&random=0.6791440430438623
2011-11-30 00:00:14,814 ger.java:320) - 
2011-11-30 00:00:14,860 dRequest ^^ - paaviorListener:0:-1&wicket:ignoreIfNotActive=true&random=0.6791440430438623 procTime=52 ms
2011-11-30 00:00:20,909 BeginRequest .. 503431614
2011-11-30 00:00:20,913 ger.java:320) - 
2011-11-30 00:00:20,929 dRequest ^^ - pa31614 procTime=20 ms
2011-11-30 00:00:38,783 BeginRequest .. m=0.9957693828428009
2011-11-30 00:00:38,784 ate() called fro
2011-11-30 00:00:38,785 e life App = 0
2011-11-30 00:00:38,785 
2011-11-30 00:00:38,786 
2011-11-30 00:00:38,787 
2011-11-30 00:00:38,788 
2011-11-30 00:00:40,580 
2011-11-30 00:00:40,581 
2011-11-30 00:00:40,581 
2011-11-30 00:00:40,584 
2011-11-30 00:00:40,585 
2011-11-30 00:00:40,643 
2011-11-30 00:00:40,643 
2011-11-30 00:00:40,644 
2011-11-30 00:00:40,644 
2011-11-30 00:00:40,644 re.build.b=587319]'  birYear='1968']

