#
# A fatal error has been detected by the Java Runtime Environment:
#
#  EXCEPTION_ACCESS_VIOLATION (0xc0000005) at pc=0x649c15a2, pid=5584, tid=7224
#
# JRE version: 6.0_18-b07
# Java VM: Java HotSpot(TM) Client VM (16.0-b13 mixed mode windows-x86 )
# Problematic frame:
# C  [sort.dll+0x15a2]
#
# If you would like to submit a bug report, please visit:
#   http://java.sun.com/webapps/bugreport/crash.jsp
# The crash happened outside the Java Virtual Machine in native code.
# See problematic frame for where to report the bug.
#

---------------  T H R E A D  ---------------

Current thread (0x001ea000):  JavaThread "main" [_thread_in_native, id=7224, stack(0x002c0000,0x00310000)]

siginfo: ExceptionCode=0xc0000005, writing address 0x18d02000

Registers:
EAX=0x18d02000, EBX=0x146dcf28, ECX=0x00000028, EDX=0x0000b81f
ESP=0x0030fa00, EBP=0x0030fc38, ESI=0x146dcf28, EDI=0x001ea000
EIP=0x649c15a2, EFLAGS=0x00010216

Top of Stack: (sp=0x0030fa00)
0x0030fa00:   0030fa16 000000f9 76a82960 001ea000
0x0030fa10:   0030fd8c 3734bad0 0a353331 49000100
0x0030fa20:   51000126 df000017 6f000110 cd000085
0x0030fa30:   a6000055 df000155 57000183 8c000099
0x0030fa40:   c900012b 70000107 7a0000a0 b90000ec
0x0030fa50:   620000ae 3f00004d 8a00002f d6000009
0x0030fa60:   35373331 0119000a 00df8e00 00c99400
0x0030fa70:   010ce500 00c42100 0111d900 00815c00 

Instructions: (pc=0x649c15a2)
0x649c1592:   00 89 45 e4 8b 45 f4 c1 e0 02 03 45 e8 8b 55 e4
0x649c15a2:   89 10 83 45 f4 01 8b 45 e0 89 44 24 08 c7 44 24 


Stack: [0x002c0000,0x00310000],  sp=0x0030fa00,  free space=13e0030f4e4k
Native frames: (J=compiled Java code, j=interpreted, Vv=VM code, C=native code)
C  [sort.dll+0x15a2]
j  Sorter.sort(Ljava/lang/String;)V+0
j  Sorter.main([Ljava/lang/String;)V+27
v  ~StubRoutines::call_stub
V  [jvm.dll+0xf072c]
V  [jvm.dll+0x17fd51]
V  [jvm.dll+0xf07ad]
V  [jvm.dll+0xf9e55]
V  [jvm.dll+0x101aad]
C  [java.exe+0x2155]
C  [java.exe+0x85b4]
C  [kernel32.dll+0x1339a]
C  [ntdll.dll+0x39ef2]
C  [ntdll.dll+0x39ec5]

Java frames: (J=compiled Java code, j=interpreted, Vv=VM code)
j  Sorter.sort(Ljava/lang/String;)V+0
j  Sorter.main([Ljava/lang/String;)V+27
v  ~StubRoutines::call_stub

---------------  P R O C E S S  ---------------

Java Threads: ( => current thread )
  0x009f2400 JavaThread "Low Memory Detector" daemon [_thread_blocked, id=7896, stack(0x189f0000,0x18a40000)]
  0x009ec000 JavaThread "CompilerThread0" daemon [_thread_blocked, id=5740, stack(0x18960000,0x189b0000)]
  0x009eb000 JavaThread "Attach Listener" daemon [_thread_blocked, id=1676, stack(0x188d0000,0x18920000)]
  0x009e6000 JavaThread "Signal Dispatcher" daemon [_thread_blocked, id=5848, stack(0x18840000,0x18890000)]
  0x009b7800 JavaThread "Finalizer" daemon [_thread_blocked, id=7548, stack(0x187b0000,0x18800000)]
  0x009b6400 JavaThread "Reference Handler" daemon [_thread_blocked, id=5216, stack(0x18720000,0x18770000)]
=>0x001ea000 JavaThread "main" [_thread_in_native, id=7224, stack(0x002c0000,0x00310000)]

Other Threads:
  0x009b3c00 VMThread [stack: 0x18690000,0x186e0000] [id=8108]
  0x00a04800 WatcherThread [stack: 0x18a80000,0x18ad0000] [id=7348]

VM state:not at safepoint (normal execution)

VM Mutex/Monitor currently owned by a thread: None

Heap
 def new generation   total 4928K, used 2590K [0x04540000, 0x04a90000, 0x09a90000)
  eden space 4416K,  55% used [0x04540000, 0x047a0160, 0x04990000)
  from space 512K,  30% used [0x04a10000, 0x04a37780, 0x04a90000)
  to   space 512K,   0% used [0x04990000, 0x04990000, 0x04a10000)
 tenured generation   total 10944K, used 0K [0x09a90000, 0x0a540000, 0x14540000)
   the space 10944K,   0% used [0x09a90000, 0x09a90000, 0x09a90200, 0x0a540000)
 compacting perm gen  total 12288K, used 1684K [0x14540000, 0x15140000, 0x18540000)
   the space 12288K,  13% used [0x14540000, 0x146e5170, 0x146e5200, 0x15140000)
No shared spaces configured.

Dynamic libraries:
0x00400000 - 0x00424000 	C:\Windows\SysWOW64\java.exe
0x77760000 - 0x778e0000 	C:\Windows\SysWOW64\ntdll.dll
0x75400000 - 0x75510000 	C:\Windows\syswow64\kernel32.dll
0x76620000 - 0x76666000 	C:\Windows\syswow64\KERNELBASE.dll
0x75270000 - 0x75310000 	C:\Windows\syswow64\ADVAPI32.dll
0x769e0000 - 0x76a8c000 	C:\Windows\syswow64\msvcrt.dll
0x74ea0000 - 0x74eb9000 	C:\Windows\SysWOW64\sechost.dll
0x75310000 - 0x75400000 	C:\Windows\syswow64\RPCRT4.dll
0x74e40000 - 0x74ea0000 	C:\Windows\syswow64\SspiCli.dll
0x74e30000 - 0x74e3c000 	C:\Windows\syswow64\CRYPTBASE.dll
0x7c340000 - 0x7c396000 	C:\Program Files (x86)\Java\jre6\bin\msvcr71.dll
0x6d800000 - 0x6da97000 	C:\Program Files (x86)\Java\jre6\bin\client\jvm.dll
0x75530000 - 0x75630000 	C:\Windows\syswow64\USER32.dll
0x75170000 - 0x75200000 	C:\Windows\syswow64\GDI32.dll
0x74ec0000 - 0x74eca000 	C:\Windows\syswow64\LPK.dll
0x74f70000 - 0x7500d000 	C:\Windows\syswow64\USP10.dll
0x729f0000 - 0x72a22000 	C:\Windows\SysWOW64\WINMM.dll
0x767c0000 - 0x76820000 	C:\Windows\system32\IMM32.DLL
0x766f0000 - 0x767bc000 	C:\Windows\syswow64\MSCTF.dll
0x73140000 - 0x7318c000 	C:\Windows\system32\apphelp.dll
0x6d7b0000 - 0x6d7bc000 	C:\Program Files (x86)\Java\jre6\bin\verify.dll
0x6d330000 - 0x6d34f000 	C:\Program Files (x86)\Java\jre6\bin\java.dll
0x6d290000 - 0x6d298000 	C:\Program Files (x86)\Java\jre6\bin\hpi.dll
0x75660000 - 0x75665000 	C:\Windows\syswow64\PSAPI.DLL
0x6d7f0000 - 0x6d7ff000 	C:\Program Files (x86)\Java\jre6\bin\zip.dll
0x649c0000 - 0x649d7000 	C:\cygwin\home\src\jvmnotebook\java\sorting\sort.dll

VM Arguments:
java_command: Sorter
Launcher Type: SUN_STANDARD

Environment Variables:
JAVA_HOME=C:\Program Files\IBM\SDP\jdk\
CLASSPATH=.;C:\PROGRA~2\IBM\SQLLIB\java\db2java.zip;C:\PROGRA~2\IBM\SQLLIB\java\db2jcc.jar;C:\PROGRA~2\IBM\SQLLIB\java\sqlj.zip;C:\PROGRA~2\IBM\SQLLIB\java\db2jcc_license_cu.jar;C:\PROGRA~2\IBM\SQLLIB\bin;C:\PROGRA~2\IBM\SQLLIB\java\common.jar
SHELL=/bin/bash
OS=Windows_NT
PROCESSOR_IDENTIFIER=Intel64 Family 6 Model 30 Stepping 5, GenuineIntel



---------------  S Y S T E M  ---------------

OS: Windows 7 Build 7601 Service Pack 1

CPU:total 4 (8 cores per cpu, 2 threads per core) family 6 model 30 stepping 5, cmov, cx8, fxsr, mmx, sse, sse2, sse3, ssse3, sse4.1, sse4.2, popcnt, ht

Memory: 4k page, physical 8322344k(3615144k free), swap 16642836k(11189912k free)

vm_info: Java HotSpot(TM) Client VM (16.0-b13) for windows-x86 JRE (1.6.0_18-b07), built on Dec 17 2009 13:35:55 by "java_re" with MS VC++ 7.1 (VS2003)

time: Tue Dec 04 16:15:49 2012
elapsed time: 0 seconds

